[     853ms] [ERROR] Failed to load resource: the server responded with a status of 403 () @ https://unified.cloudways.com/server/1553018/security:0
[    1705ms] [ERROR] Failed to load resource: the server responded with a status of 403 () @ https://unified.cloudways.com//flexible-app/latest/remoteEntry.js:0
[    1706ms] [ERROR] Refused to execute script from 'https://unified.cloudways.com//flexible-app/latest/remoteEntry.js' because its MIME type ('text/html') is not executable, and strict MIME type checking is enabled. @ https://unified.cloudways.com/server/1553018/security:0
[    2049ms] [WARNING] Google Maps JavaScript API has been loaded directly without loading=async. This can result in suboptimal performance. For best-practice loading patterns please see https://goo.gle/js-api-loading @ https://maps.googleapis.com/maps/api/js?key=AIzaSyDmwr4-owgH6OgtjzQI9olEnvh0OWJfuQM&libraries=places:1414
[    2737ms] [ERROR] Failed to load resource: the server responded with a status of 403 () @ https://api.cloudways.com/api/v2/fmp/plans/current:0
[    2743ms] [ERROR] Failed to load resource: the server responded with a status of 403 () @ https://api.cloudways.com/api/v2/fmp/plans:0
[    2746ms] [ERROR] Failed to load resource: the server responded with a status of 403 () @ https://api.cloudways.com/api/v2/fmp/regions:0
[    2748ms] [ERROR] Failed to load resource: the server responded with a status of 403 () @ https://api.cloudways.com/api/v2/account/affiliate_detail:0
[    2749ms] [ERROR] Failed to load resource: the server responded with a status of 403 () @ https://api.cloudways.com/api/v2/fmp/apps?page=1&page_size=100:0
[    3560ms] [ERROR] Failed to load resource: the server responded with a status of 429 () @ https://api.cloudways.com/api/v2/users/attributes?attributes[]=survey-control-lightening_stack:0
[    3567ms] [ERROR] Failed to load resource: the server responded with a status of 429 () @ https://api.cloudways.com/api/v2/users/attributes?attributes[]=survey-control-autonomous_ces:0
[    3577ms] [ERROR] Failed to load resource: the server responded with a status of 429 () @ https://api.cloudways.com/api/v2/users/attributes?attributes[]=survey-control-autonomous_csat:0
[    3613ms] [ERROR] Failed to load resource: the server responded with a status of 429 () @ https://api.cloudways.com/api/v2/users/attributes?attributes[]=survey-control-uux_csat:0
[    3774ms] [ERROR] Failed to load resource: the server responded with a status of 403 () @ https://api.cloudways.com/api/v2/fmp/apps?page=1&page_size=100:0
[    4088ms] [ERROR] Failed to load resource: the server responded with a status of 429 () @ https://api.cloudways.com/api/v2/users/attributes?attributes[]=survey-control-nps:0
[    4247ms] [ERROR] Failed to load resource: the server responded with a status of 401 () @ https://api.cloudways.com/api/v2/account/standing:0
[    4576ms] [ERROR] Subresource Integrity: The resource 'https://cdn.jsdelivr.net/npm/hockeystack@1.3.207/hockeystack.min.js' has an integrity attribute, but the resource requires the request to be CORS enabled to check the integrity, and it is not. The resource has been blocked because the integrity cannot be enforced. @ https://unified.cloudways.com/:0
[    4667ms] [WARNING] [Meta pixel] 1313676255749332 is unavailable on this website due to it's traffic permission settings. Go to https://www.facebook.com/business/help/572690630080597 to learn more. @ https://connect.facebook.net/en_US/fbevents.js:175
[    4682ms] [ERROR] Subresource Integrity: The resource 'https://cdn.jsdelivr.net/npm/hockeystack@1.3.207/hockeystack.min.js' has an integrity attribute, but the resource requires the request to be CORS enabled to check the integrity, and it is not. The resource has been blocked because the integrity cannot be enforced. @ https://unified.cloudways.com/container/latest/850.8fdad2a66e1a2e709a08.js:1
[    4924ms] [ERROR] Failed to load resource: the server responded with a status of 403 () @ https://api.cloudways.com/api/v2/fmp/apps?page=1&page_size=100:0
[    4925ms] [ERROR] Failed to load resource: the server responded with a status of 403 () @ https://api.cloudways.com/api/v2/fmp/plans/current:0
[    5199ms] [ERROR] Failed to load resource: the server responded with a status of 403 () @ https://api.cloudways.com/api/v2/alert/counts:0
[    5434ms] [ERROR] Subresource Integrity: The resource 'https://tags.srv.stackadapt.com/events.js' has an integrity attribute, but the resource requires the request to be CORS enabled to check the integrity, and it is not. The resource has been blocked because the integrity cannot be enforced. @ https://unified.cloudways.com/:0
[    5732ms] [ERROR] Failed to load resource: the server responded with a status of 429 () @ https://api.cloudways.com/api/v2/users/attributes?attributes[]=uiTheme:0
[    5848ms] [ERROR] Failed to load resource: the server responded with a status of 429 () @ https://api.cloudways.com/api/v2/users/attributes?attributes[]=copilot_free_plan_banner:0
[    8879ms] [WARNING] The resource https://fonts.googleapis.com/css2?family=Roboto:wght@400;500;600 was preloaded using link preload but not used within a few seconds from the window's load event. Please make sure it has an appropriate `as` value and it is preloaded intentionally. @ https://unified.cloudways.com/server:0
[ 1003365ms] [ERROR] Failed to load resource: the server responded with a status of 403 () @ https://api.cloudways.com/api/v2/member:0
[ 1051058ms] [ERROR] Failed to load resource: the server responded with a status of 403 () @ https://api.cloudways.com/api/v2/member:0
[ 1065058ms] [ERROR] Failed to load resource: the server responded with a status of 422 () @ https://api.cloudways.com/api/v2/service/appVarnish:0
[ 1106111ms] [ERROR] Failed to load resource: the server responded with a status of 403 () @ https://api.cloudways.com/api/v2/member:0
[ 1257887ms] [ERROR] Failed to load resource: the server responded with a status of 599 () @ https://api.cloudways.com/api/v2/app/creds:0
[ 1283848ms] [ERROR] Failed to load resource: the server responded with a status of 403 () @ https://api.cloudways.com/api/v2/member:0
[ 1345583ms] [ERROR] Failed to load resource: the server responded with a status of 403 () @ https://api.cloudways.com/api/v2/member:0
[ 1434317ms] [ERROR] Failed to load resource: the server responded with a status of 599 () @ https://api.cloudways.com/api/v2/ssh_key:0
[ 1524531ms] [ERROR] Failed to load resource: the server responded with a status of 599 () @ https://api.cloudways.com/api/v2/ssh_key:0
[ 1595675ms] [ERROR] Failed to load resource: the server responded with a status of 599 () @ https://api.cloudways.com/api/v2/ssh_key:0
[ 1640875ms] [ERROR] Failed to load resource: the server responded with a status of 403 () @ https://api.cloudways.com/api/v2/alert/counts:0
[ 1657268ms] [ERROR] Failed to load resource: the server responded with a status of 403 () @ https://api.cloudways.com/api/v2/fmp/plans/current:0
[ 1657294ms] [ERROR] Failed to load resource: the server responded with a status of 403 () @ https://api.cloudways.com/api/v2/alert/counts:0
[ 1657345ms] [ERROR] Failed to load resource: the server responded with a status of 403 () @ https://api.cloudways.com/api/v2/member:0
[ 1688215ms] [ERROR] Failed to load resource: the server responded with a status of 599 () @ https://api.cloudways.com/api/v2/ssh_key:0
[ 1735756ms] [ERROR] Failed to load resource: the server responded with a status of 599 () @ https://api.cloudways.com/api/v2/ssh_key:0
[ 1765790ms] [ERROR] Failed to load resource: the server responded with a status of 599 () @ https://api.cloudways.com/api/v2/ssh_key:0
[ 1933037ms] [ERROR] Failed to load resource: the server responded with a status of 599 () @ https://api.cloudways.com/api/v2/ssh_key:0
[ 2043130ms] [ERROR] Failed to load resource: the server responded with a status of 403 () @ https://api.cloudways.com/api/v2/member:0
[ 2084112ms] [ERROR] Failed to load resource: the server responded with a status of 403 () @ https://api.cloudways.com/api/v2/member:0
[ 2086913ms] [ERROR] Failed to load resource: the server responded with a status of 403 () @ https://api.cloudways.com/api/v2/member:0
[ 2107692ms] [ERROR] Failed to load resource: the server responded with a status of 403 () @ https://api.cloudways.com/api/v2/member:0
[ 2111883ms] [ERROR] Failed to load resource: the server responded with a status of 403 () @ https://api.cloudways.com/api/v2/member:0
[ 2116287ms] [ERROR] Failed to load resource: the server responded with a status of 403 () @ https://api.cloudways.com/api/v2/member:0
[ 2118217ms] [ERROR] Failed to load resource: the server responded with a status of 403 () @ https://api.cloudways.com/api/v2/member:0
[ 2123103ms] [ERROR] Failed to load resource: the server responded with a status of 403 () @ https://api.cloudways.com/api/v2/member:0
[ 2126587ms] [ERROR] Failed to load resource: the server responded with a status of 403 () @ https://api.cloudways.com/api/v2/member:0
[ 2128630ms] [ERROR] Failed to load resource: the server responded with a status of 403 () @ https://api.cloudways.com/api/v2/member:0
[ 2131081ms] [ERROR] Failed to load resource: the server responded with a status of 403 () @ https://api.cloudways.com/api/v2/member:0
[ 2135267ms] [ERROR] Failed to load resource: the server responded with a status of 403 () @ https://api.cloudways.com/api/v2/member:0
[ 2136652ms] [ERROR] Failed to load resource: the server responded with a status of 403 () @ https://api.cloudways.com/api/v2/member:0
[ 2162009ms] [ERROR] Failed to load resource: the server responded with a status of 403 () @ https://api.cloudways.com/api/v2/member:0
[ 9643482ms] [ERROR] Access to fetch at 'https://api.cloudways.com/api/v2/operation/get-background-operation?bg_only=true' from origin 'https://unified.cloudways.com' has been blocked by CORS policy: No 'Access-Control-Allow-Origin' header is present on the requested resource. @ https://unified.cloudways.com/apps/6265432/deployment:0
[ 9643482ms] [ERROR] Failed to load resource: net::ERR_FAILED @ https://api.cloudways.com/api/v2/operation/get-background-operation?bg_only=true:0
